#
# There is insufficient memory for the Java Runtime Environment to continue.
# Native memory allocation (malloc) failed to allocate 1580016 bytes for Chunk::new
# Possible reasons:
#   The system is out of physical RAM or swap space
#   In 32 bit mode, the process size limit was hit
# Possible solutions:
#   Reduce memory load on the system
#   Increase physical memory or swap space
#   Check if swap backing store is full
#   Use 64 bit Java on a 64 bit OS
#   Decrease Java heap size (-Xmx/-Xms)
#   Decrease number of Java threads
#   Decrease Java thread stack sizes (-Xss)
#   Set larger code cache with -XX:ReservedCodeCacheSize=
# This output file may be truncated or incomplete.
#
#  Out of Memory Error (allocation.cpp:390), pid=8024, tid=7884
#
# JRE version: Java(TM) SE Runtime Environment (8.0_91-b14) (build 1.8.0_91-b14)
# Java VM: Java HotSpot(TM) 64-Bit Server VM (25.91-b14 mixed mode windows-amd64 compressed oops)
# Failed to write core dump. Minidumps are not enabled by default on client versions of Windows
#

---------------  T H R E A D  ---------------

Current thread (0x0000000015520000):  JavaThread "C2 CompilerThread1" daemon [_thread_in_native, id=7884, stack(0x0000000016c40000,0x0000000016d40000)]

Stack: [0x0000000016c40000,0x0000000016d40000]
[error occurred during error reporting (printing stack bounds), id 0xc0000005]

Native frames: (J=compiled Java code, j=interpreted, Vv=VM code, C=native code)


Current CompileTask:
C2:  17901 2152   !   4       com.android.dx.cf.code.Ropper::processBlock (1101 bytes)


---------------  P R O C E S S  ---------------

Java Threads: ( => current thread )
  0x00000000170cc800 JavaThread "pool-2-thread-4" [_thread_blocked, id=2456, stack(0x0000000017840000,0x0000000017940000)]
  0x00000000170cb800 JavaThread "pool-2-thread-3" [_thread_in_Java, id=828, stack(0x0000000017740000,0x0000000017840000)]
  0x00000000170c9800 JavaThread "pool-2-thread-2" [_thread_blocked, id=6716, stack(0x0000000017640000,0x0000000017740000)]
  0x00000000170c5800 JavaThread "pool-3-thread-1" [_thread_blocked, id=2788, stack(0x0000000017540000,0x0000000017640000)]
  0x00000000170c0800 JavaThread "pool-2-thread-1" [_thread_in_Java, id=5244, stack(0x0000000017440000,0x0000000017540000)]
  0x000000001552e000 JavaThread "Service Thread" daemon [_thread_blocked, id=7608, stack(0x0000000017240000,0x0000000017340000)]
  0x000000001552b000 JavaThread "C1 CompilerThread2" daemon [_thread_blocked, id=1484, stack(0x0000000016d40000,0x0000000016e40000)]
=>0x0000000015520000 JavaThread "C2 CompilerThread1" daemon [_thread_in_native, id=7884, stack(0x0000000016c40000,0x0000000016d40000)]
  0x00000000154ca800 JavaThread "C2 CompilerThread0" daemon [_thread_blocked, id=6284, stack(0x0000000016b40000,0x0000000016c40000)]
  0x00000000154c9000 JavaThread "Attach Listener" daemon [_thread_blocked, id=7968, stack(0x0000000016a40000,0x0000000016b40000)]
  0x00000000154c8000 JavaThread "Signal Dispatcher" daemon [_thread_blocked, id=7656, stack(0x0000000016940000,0x0000000016a40000)]
  0x00000000154ba800 JavaThread "Finalizer" daemon [_thread_blocked, id=2664, stack(0x0000000016750000,0x0000000016850000)]
  0x0000000002def800 JavaThread "Reference Handler" daemon [_thread_blocked, id=5744, stack(0x0000000016650000,0x0000000016750000)]
  0x0000000002d00800 JavaThread "main" [_thread_blocked, id=7288, stack(0x0000000002b00000,0x0000000002c00000)]

Other Threads:
  0x0000000015498000 VMThread [stack: 0x0000000016550000,0x0000000016650000] [id=7392]
  0x0000000016e44800 WatcherThread [stack: 0x0000000017340000,0x0000000017440000] [id=6944]

VM state:not at safepoint (normal execution)

VM Mutex/Monitor currently owned by a thread: None

Heap:
 PSYoungGen      total 138240K, used 26900K [0x00000000eab00000, 0x00000000f3700000, 0x0000000100000000)
  eden space 133120K, 16% used [0x00000000eab00000,0x00000000ec04ac00,0x00000000f2d00000)
  from space 5120K, 99% used [0x00000000f3200000,0x00000000f36fa5e8,0x00000000f3700000)
  to   space 5120K, 0% used [0x00000000f2d00000,0x00000000f2d00000,0x00000000f3200000)
 ParOldGen       total 87552K, used 23944K [0x00000000c0000000, 0x00000000c5580000, 0x00000000eab00000)
  object space 87552K, 27% used [0x00000000c0000000,0x00000000c1762240,0x00000000c5580000)
 Metaspace       used 6449K, capacity 7218K, committed 7296K, reserved 1056768K
  class space    used 604K, capacity 618K, committed 640K, reserved 1048576K

Card table byte_map: [0x00000000121c0000,0x00000000123d0000] byte_map_base: 0x0000000011bc0000

Marking Bits: (ParMarkBitMap*) 0x0000000055572f70
 Begin Bits: [0x0000000012930000, 0x0000000013930000)
 End Bits:   [0x0000000013930000, 0x0000000014930000)

Polling page: 0x0000000000fb0000

CodeCache: size=245760Kb used=10205Kb max_used=10219Kb free=235554Kb
 bounds [0x0000000002e00000, 0x0000000003810000, 0x0000000011e00000]
 total_blobs=2390 nmethods=2120 adapters=182
 compilation: enabled

Compilation events (10 events):
Event: 17.550 Thread 0x000000001552b000 nmethod 2168 0x00000000037b5050 code [0x00000000037b51e0, 0x00000000037b5648]
Event: 17.596 Thread 0x000000001552b000 2173       3       com.android.dx.cf.direct.AnnotationParser::parseAnnotation (214 bytes)
Event: 17.600 Thread 0x000000001552b000 nmethod 2173 0x00000000037ef210 code [0x00000000037ef780, 0x00000000037f2e48]
Event: 17.700 Thread 0x00000000154ca800 nmethod 2153% 0x00000000037fa210 code [0x00000000037fa540, 0x00000000037fdb28]
Event: 17.700 Thread 0x00000000154ca800 2164       4       com.android.dx.ssa.SCCP::run (298 bytes)
Event: 17.748 Thread 0x00000000154ca800 nmethod 2164 0x0000000003801050 code [0x00000000038012e0, 0x0000000003802140]
Event: 17.748 Thread 0x00000000154ca800 2159 %     4       com.android.dx.ssa.back.SsaToRop::removePhiFunctions @ 13 (83 bytes)
Event: 17.806 Thread 0x00000000154ca800 nmethod 2159% 0x0000000003803910 code [0x0000000003803b20, 0x0000000003804a18]
Event: 17.806 Thread 0x00000000154ca800 2157       4       com.android.dx.cf.code.BaseMachine::popArgs (72 bytes)
Event: 17.832 Thread 0x00000000154ca800 nmethod 2157 0x00000000037f6090 code [0x00000000037f62a0, 0x00000000037f6db0]

GC Heap History (8 events):
Event: 8.345 GC heap before
{Heap before GC invocations=1 (full 0):
 PSYoungGen      total 38400K, used 33280K [0x00000000eab00000, 0x00000000ed580000, 0x0000000100000000)
  eden space 33280K, 100% used [0x00000000eab00000,0x00000000ecb80000,0x00000000ecb80000)
  from space 5120K, 0% used [0x00000000ed080000,0x00000000ed080000,0x00000000ed580000)
  to   space 5120K, 0% used [0x00000000ecb80000,0x00000000ecb80000,0x00000000ed080000)
 ParOldGen       total 87552K, used 0K [0x00000000c0000000, 0x00000000c5580000, 0x00000000eab00000)
  object space 87552K, 0% used [0x00000000c0000000,0x00000000c0000000,0x00000000c5580000)
 Metaspace       used 5928K, capacity 6832K, committed 7040K, reserved 1056768K
  class space    used 601K, capacity 616K, committed 640K, reserved 1048576K
Event: 8.502 GC heap after
Heap after GC invocations=1 (full 0):
 PSYoungGen      total 38400K, used 5107K [0x00000000eab00000, 0x00000000ef600000, 0x0000000100000000)
  eden space 33280K, 0% used [0x00000000eab00000,0x00000000eab00000,0x00000000ecb80000)
  from space 5120K, 99% used [0x00000000ecb80000,0x00000000ed07ccb8,0x00000000ed080000)
  to   space 5120K, 0% used [0x00000000ef100000,0x00000000ef100000,0x00000000ef600000)
 ParOldGen       total 87552K, used 61K [0x00000000c0000000, 0x00000000c5580000, 0x00000000eab00000)
  object space 87552K, 0% used [0x00000000c0000000,0x00000000c000f670,0x00000000c5580000)
 Metaspace       used 5928K, capacity 6832K, committed 7040K, reserved 1056768K
  class space    used 601K, capacity 616K, committed 640K, reserved 1048576K
}
Event: 10.339 GC heap before
{Heap before GC invocations=2 (full 0):
 PSYoungGen      total 38400K, used 38387K [0x00000000eab00000, 0x00000000ef600000, 0x0000000100000000)
  eden space 33280K, 100% used [0x00000000eab00000,0x00000000ecb80000,0x00000000ecb80000)
  from space 5120K, 99% used [0x00000000ecb80000,0x00000000ed07ccb8,0x00000000ed080000)
  to   space 5120K, 0% used [0x00000000ef100000,0x00000000ef100000,0x00000000ef600000)
 ParOldGen       total 87552K, used 61K [0x00000000c0000000, 0x00000000c5580000, 0x00000000eab00000)
  object space 87552K, 0% used [0x00000000c0000000,0x00000000c000f670,0x00000000c5580000)
 Metaspace       used 6178K, capacity 7026K, committed 7296K, reserved 1056768K
  class space    used 602K, capacity 618K, committed 640K, reserved 1048576K
Event: 10.355 GC heap after
Heap after GC invocations=2 (full 0):
 PSYoungGen      total 71680K, used 5103K [0x00000000eab00000, 0x00000000ef600000, 0x0000000100000000)
  eden space 66560K, 0% used [0x00000000eab00000,0x00000000eab00000,0x00000000eec00000)
  from space 5120K, 99% used [0x00000000ef100000,0x00000000ef5fbe50,0x00000000ef600000)
  to   space 5120K, 0% used [0x00000000eec00000,0x00000000eec00000,0x00000000ef100000)
 ParOldGen       total 87552K, used 3537K [0x00000000c0000000, 0x00000000c5580000, 0x00000000eab00000)
  object space 87552K, 4% used [0x00000000c0000000,0x00000000c03744a8,0x00000000c5580000)
 Metaspace       used 6178K, capacity 7026K, committed 7296K, reserved 1056768K
  class space    used 602K, capacity 618K, committed 640K, reserved 1048576K
}
Event: 14.616 GC heap before
{Heap before GC invocations=3 (full 0):
 PSYoungGen      total 71680K, used 71663K [0x00000000eab00000, 0x00000000ef600000, 0x0000000100000000)
  eden space 66560K, 100% used [0x00000000eab00000,0x00000000eec00000,0x00000000eec00000)
  from space 5120K, 99% used [0x00000000ef100000,0x00000000ef5fbe50,0x00000000ef600000)
  to   space 5120K, 0% used [0x00000000eec00000,0x00000000eec00000,0x00000000ef100000)
 ParOldGen       total 87552K, used 3537K [0x00000000c0000000, 0x00000000c5580000, 0x00000000eab00000)
  object space 87552K, 4% used [0x00000000c0000000,0x00000000c03744a8,0x00000000c5580000)
 Metaspace       used 6293K, capacity 7154K, committed 7296K, reserved 1056768K
  class space    used 604K, capacity 618K, committed 640K, reserved 1048576K
Event: 14.693 GC heap after
Heap after GC invocations=3 (full 0):
 PSYoungGen      total 71680K, used 5118K [0x00000000eab00000, 0x00000000f3700000, 0x0000000100000000)
  eden space 66560K, 0% used [0x00000000eab00000,0x00000000eab00000,0x00000000eec00000)
  from space 5120K, 99% used [0x00000000eec00000,0x00000000ef0ffa08,0x00000000ef100000)
  to   space 5120K, 0% used [0x00000000f3200000,0x00000000f3200000,0x00000000f3700000)
 ParOldGen       total 87552K, used 13270K [0x00000000c0000000, 0x00000000c5580000, 0x00000000eab00000)
  object space 87552K, 15% used [0x00000000c0000000,0x00000000c0cf5918,0x00000000c5580000)
 Metaspace       used 6293K, capacity 7154K, committed 7296K, reserved 1056768K
  class space    used 604K, capacity 618K, committed 640K, reserved 1048576K
}
Event: 17.007 GC heap before
{Heap before GC invocations=4 (full 0):
 PSYoungGen      total 71680K, used 71678K [0x00000000eab00000, 0x00000000f3700000, 0x0000000100000000)
  eden space 66560K, 100% used [0x00000000eab00000,0x00000000eec00000,0x00000000eec00000)
  from space 5120K, 99% used [0x00000000eec00000,0x00000000ef0ffa08,0x00000000ef100000)
  to   space 5120K, 0% used [0x00000000f3200000,0x00000000f3200000,0x00000000f3700000)
 ParOldGen       total 87552K, used 13270K [0x00000000c0000000, 0x00000000c5580000, 0x00000000eab00000)
  object space 87552K, 15% used [0x00000000c0000000,0x00000000c0cf5918,0x00000000c5580000)
 Metaspace       used 6439K, capacity 7218K, committed 7296K, reserved 1056768K
  class space    used 604K, capacity 618K, committed 640K, reserved 1048576K
Event: 17.192 GC heap after
Heap after GC invocations=4 (full 0):
 PSYoungGen      total 138240K, used 5097K [0x00000000eab00000, 0x00000000f3700000, 0x0000000100000000)
  eden space 133120K, 0% used [0x00000000eab00000,0x00000000eab00000,0x00000000f2d00000)
  from space 5120K, 99% used [0x00000000f3200000,0x00000000f36fa5e8,0x00000000f3700000)
  to   space 5120K, 0% used [0x00000000f2d00000,0x00000000f2d00000,0x00000000f3200000)
 ParOldGen       total 87552K, used 23944K [0x00000000c0000000, 0x00000000c5580000, 0x00000000eab00000)
  object space 87552K, 27% used [0x00000000c0000000,0x00000000c1762240,0x00000000c5580000)
 Metaspace       used 6439K, capacity 7218K, committed 7296K, reserved 1056768K
  class space    used 604K, capacity 618K, committed 640K, reserved 1048576K
}

Deoptimization events (10 events):
Event: 15.562 Thread 0x00000000170cc800 Uncommon trap: reason=unstable_if action=reinterpret pc=0x0000000003533cc8 method=com.android.dx.cf.code.Ropper.isSynchronized()Z @ 12
Event: 15.641 Thread 0x00000000170cc800 Uncommon trap: reason=unstable_if action=reinterpret pc=0x00000000034fc02c method=com.android.dx.cf.code.Ropper.addOrReplaceBlock(Lcom/android/dx/rop/code/BasicBlock;Lcom/android/dx/util/IntList;)Z @ 24
Event: 16.043 Thread 0x00000000170cc800 Uncommon trap: reason=unstable_if action=reinterpret pc=0x00000000036daa34 method=com.android.dx.rop.code.DexTranslationAdvice.hasConstantOperation(Lcom/android/dx/rop/code/Rop;Lcom/android/dx/rop/code/RegisterSpec;Lcom/android/dx/rop/code/RegisterSpec;)Z ÿÈ­ý
0@
Event: 16.043 Thread 0x00000000170cc800 Uncommon trap: reason=unstable_if action=reinterpret pc=0x000000000348ce14 method=com.android.dx.ssa.SCCP.simulateStmt(Lcom/android/dx/ssa/SsaInsn;)V @ 53
Event: 16.065 Thread 0x00000000170cc800 Uncommon trap: reason=unstable_if action=reinterpret pc=0x0000000003673868 method=com.android.dx.ssa.SCCP.simulateBranch(Lcom/android/dx/ssa/SsaInsn;)V @ 548
Event: 16.067 Thread 0x00000000170cc800 Uncommon trap: reason=class_check action=maybe_recompile pc=0x0000000003686184 method=com.android.dx.cf.code.BytecodeArray.parseInstruction(ILcom/android/dx/cf/code/BytecodeArray$Visitor;)I @ 1807
Event: 16.067 Thread 0x00000000170cc800 Uncommon trap: reason=class_check action=maybe_recompile pc=0x0000000003686184 method=com.android.dx.cf.code.BytecodeArray.parseInstruction(ILcom/android/dx/cf/code/BytecodeArray$Visitor;)I @ 1807
Event: 16.067 Thread 0x00000000170cc800 Uncommon trap: reason=class_check action=maybe_recompile pc=0x0000000003686184 method=com.android.dx.cf.code.BytecodeArray.parseInstruction(ILcom/android/dx/cf/code/BytecodeArray$Visitor;)I @ 1807
Event: 16.067 Thread 0x00000000170cc800 Uncommon trap: reason=class_check action=maybe_recompile pc=0x0000000003686184 method=com.android.dx.cf.code.BytecodeArray.parseInstruction(ILcom/android/dx/cf/code/BytecodeArray$Visitor;)I @ 1807
Event: 16.078 Thread 0x00000000170cc800 Uncommon trap: reason=class_check action=maybe_recompile pc=0x000000000320d280 method=java.util.HashMap.putVal(ILjava/lang/Object;Ljava/lang/Object;ZZ)Ljava/lang/Object; @ 203

Internal exceptions (3 events):
Event: 6.031 Thread 0x0000000002d00800 Exception <a 'java/lang/NoSuchMethodError': Method sun.misc.Unsafe.defineClass(Ljava/lang/String;[BII)Ljava/lang/Class; name or signature does not match> (0x00000000eab07cc0) thrown at [C:\re\workspace\8-2-build-windows-amd64-cygwin\jdk8u91\6644\hotspot\sr“±$ @
Event: 6.031 Thread 0x0000000002d00800 Exception <a 'java/lang/NoSuchMethodError': Method sun.misc.Unsafe.prefetchRead(Ljava/lang/Object;J)V name or signature does not match> (0x00000000eab07fa8) thrown at [C:\re\workspace\8-2-build-windows-amd64-cygwin\jdk8u91\6644\hotspot\src\share\vm\prims\j§vùÕ¥ @
Event: 8.324 Thread 0x0000000002d00800 Implicit null exception at 0x00000000030e9a62 to 0x00000000030e9b61

Events (10 events):
Event: 16.843 Thread 0x00000000170c9800 DEOPT PACKING pc=0x000000000338dd23 sp=0x000000001773e9f0
Event: 16.843 Thread 0x00000000170c9800 DEOPT UNPACKING pc=0x0000000002e4787f sp=0x000000001773e740 mode 0
Event: 17.007 Executing VM operation: ParallelGCFailedAllocation
Event: 17.192 Executing VM operation: ParallelGCFailedAllocation done
Event: 17.273 loading class com/android/dx/cf/iface/ParseObserver
Event: 17.273 loading class com/android/dx/cf/iface/ParseObserver done
Event: 17.533 Thread 0x00000000170c9800 DEOPT PACKING pc=0x00000000032dccfd sp=0x000000001773eb90
Event: 17.533 Thread 0x00000000170c9800 DEOPT UNPACKING pc=0x0000000002e4787f sp=0x000000001773e920 mode 0
Event: 17.601 Thread 0x00000000170c9800 DEOPT PACKING pc=0x000000000313c25f sp=0x000000001773eca0
Event: 17.601 Thread 0x00000000170c9800 DEOPT UNPACKING pc=0x0000000002e4787f sp=0x000000001773e9f8 mode 0


Dynamic libraries:
0x00007ff73c660000 - 0x00007ff73c697000 	C:\Program Files\Java\jdk1.8.0_91\bin\java.exe
0x00007ffd0b160000 - 0x00007ffd0b331000 	C:\WINDOWS\SYSTEM32\ntdll.dll
0x00007ffd0ab00000 - 0x00007ffd0abab000 	C:\WINDOWS\System32\KERNEL32.DLL
0x00007ffd08320000 - 0x00007ffd0853d000 	C:\WINDOWS\System32\KERNELBASE.dll
0x00007ffd08bb0000 - 0x00007ffd08c52000 	C:\WINDOWS\System32\ADVAPI32.dll
0x00007ffd086f0000 - 0x00007ffd0878e000 	C:\WINDOWS\System32\msvcrt.dll
0x00007ffd0afc0000 - 0x00007ffd0b019000 	C:\WINDOWS\System32\sechost.dll
0x00007ffd0ac10000 - 0x00007ffd0ad31000 	C:\WINDOWS\System32\RPCRT4.dll
0x00007ffd08c60000 - 0x00007ffd08dc5000 	C:\WINDOWS\System32\USER32.dll
0x00007ffd07de0000 - 0x00007ffd07dfe000 	C:\WINDOWS\System32\win32u.dll
0x00007ffd08b00000 - 0x00007ffd08b34000 	C:\WINDOWS\System32\GDI32.dll
0x00007ffd07f70000 - 0x00007ffd080f2000 	C:\WINDOWS\System32\gdi32full.dll
0x00007ffcff670000 - 0x00007ffcff8e9000 	C:\WINDOWS\WinSxS\amd64_microsoft.windows.common-controls_6595b64144ccf1df_6.0.14393.447_none_42191651c6827bb3\COMCTL32.dll
0x00007ffd08790000 - 0x00007ffd08a58000 	C:\WINDOWS\System32\combase.dll
0x00007ffd07e70000 - 0x00007ffd07f65000 	C:\WINDOWS\System32\ucrtbase.dll
0x00007ffd07e00000 - 0x00007ffd07e6a000 	C:\WINDOWS\System32\bcryptPrimitives.dll
0x00007ffd0af20000 - 0x00007ffd0af4e000 	C:\WINDOWS\System32\IMM32.DLL
0x0000000054910000 - 0x00000000549e2000 	C:\Program Files\Java\jdk1.8.0_91\jre\bin\msvcr100.dll
0x0000000054d60000 - 0x00000000555f3000 	C:\Program Files\Java\jdk1.8.0_91\jre\bin\server\jvm.dll
0x00007ffd0aea0000 - 0x00007ffd0aea8000 	C:\WINDOWS\System32\PSAPI.DLL
0x00007ffcef060000 - 0x00007ffcef069000 	C:\WINDOWS\SYSTEM32\WSOCK32.dll
0x00007ffd0aeb0000 - 0x00007ffd0af1a000 	C:\WINDOWS\System32\WS2_32.dll
0x00007ffd05380000 - 0x00007ffd053a3000 	C:\WINDOWS\SYSTEM32\WINMM.dll
0x00007ffd03560000 - 0x00007ffd0356a000 	C:\WINDOWS\SYSTEM32\VERSION.dll
0x00007ffd05320000 - 0x00007ffd0534b000 	C:\WINDOWS\SYSTEM32\WINMMBASE.dll
0x00007ffd08100000 - 0x00007ffd08142000 	C:\WINDOWS\System32\cfgmgr32.dll
0x0000000054d50000 - 0x0000000054d5f000 	C:\Program Files\Java\jdk1.8.0_91\jre\bin\verify.dll
0x0000000054d20000 - 0x0000000054d49000 	C:\Program Files\Java\jdk1.8.0_91\jre\bin\java.dll
0x0000000054d00000 - 0x0000000054d16000 	C:\Program Files\Java\jdk1.8.0_91\jre\bin\zip.dll
0x00007ffd08e90000 - 0x00007ffd0a399000 	C:\WINDOWS\System32\SHELL32.dll
0x00007ffd07650000 - 0x00007ffd07d2a000 	C:\WINDOWS\System32\windows.storage.dll
0x00007ffd075e0000 - 0x00007ffd0762c000 	C:\WINDOWS\System32\powrprof.dll
0x00007ffd0af50000 - 0x00007ffd0afa2000 	C:\WINDOWS\System32\shlwapi.dll
0x00007ffd075d0000 - 0x00007ffd075df000 	C:\WINDOWS\System32\kernel.appcore.dll
0x00007ffd08540000 - 0x00007ffd085e9000 	C:\WINDOWS\System32\shcore.dll
0x00007ffd07630000 - 0x00007ffd07644000 	C:\WINDOWS\System32\profapi.dll

VM Arguments:
jvm_args: -Djava.awt.headless=true -Xmx1024M -Dfile.encoding=windows-1251 -Duser.country=UA -Duser.language=uk -Duser.variant 
java_command: com.android.dx.command.Main --dex --force-jumbo --num-threads=4 --multi-dex --output C:\Users\nikita\AndroidStudioProjects\Currency\a_mapweather\build\intermediates\transforms\dex\debug\folders\1000\10\com.android.support-support-v4-23.4.0_60e52eedd80f390220da1ae98b57333806366df8 C:\Users\nikita\AndroidStudioProjects\Currency\a_mapweather\build\intermediates\exploded-aar\com.android.support\support-v4\23.4.0\jars\classes.jar
java_class_path (initial): C:\Users\nikita\AppData\Local\Android\sdk\build-tools\23.0.3\lib\dx.jar
Launcher Type: SUN_STANDARD

Environment Variables:
PATH=C:\ProgramData\Oracle\Java\javapath;C:\Program Files (x86)\Kingston SSD Toolbox;C:\Program Files (x86)\NVIDIA Corporation\PhysX\Common;C:\WINDOWS\system32;C:\WINDOWS;C:\WINDOWS\System32\Wbem;C:\WINDOWS\System32\WindowsPowerShell\v1.0\;C:\Program Files (x86)\Skype\Phone\;C:\WINDOWS\system32\config\systemprofile\.dnx\bin;C:\Program Files\Microsoft DNX\Dnvm\;C:\Program Files (x86)\Windows Kits\8.1\Windows Performance Toolkit\;C:\Program Files\Microsoft SQL Server\130\Tools\Binn\;C:\Program Files (x86)\Microsoft Emulator Manager\1.0\;C:\Program Files\Git\cmd;C:\Users\nikita\AppData\Local\Microsoft\WindowsApps;
USERNAME=nikita
LD_LIBRARY_PATH=C:\Program Files (x86)\Kingston SSD Toolbox
OS=Windows_NT
PROCESSOR_IDENTIFIER=Intel64 Family 6 Model 42 Stepping 7, GenuineIntel



---------------  S Y S T E M  ---------------

OS: Windows 10.0 , 64 bit Build 14393 (10.0.14393.0)

CPU:total 4 (2 cores per cpu, 2 threads per core) family 6 model 42 stepping 7, cmov, cx8, fxsr, mmx, sse, sse2, sse3, ssse3, sse4.1, sse4.2, popcnt, avx, aes, clmul, ht, tsc, tscinvbit

Memory: 4k page, physical 8298220k(1126068k free), swap 8298220k(5204k free)

vm_info: Java HotSpot(TM) 64-Bit Server VM (25.91-b14) for windows-amd64 JRE (1.8.0_91-b14), built on Apr  1 2016 00:58:32 by "java_re" with MS VC++ 10.0 (VS2010)

time: Wed Jan 11 22:49:10 2017
elapsed time: 17 seconds (0d 0h 0m 17s)

