#
# There is insufficient memory for the Java Runtime Environment to continue.
# Native memory allocation (malloc) failed to allocate 1048576 bytes for AllocateHeap
# Possible reasons:
#   The system is out of physical RAM or swap space
#   In 32 bit mode, the process size limit was hit
# Possible solutions:
#   Reduce memory load on the system
#   Increase physical memory or swap space
#   Check if swap backing store is full
#   Use 64 bit Java on a 64 bit OS
#   Decrease Java heap size (-Xmx/-Xms)
#   Decrease number of Java threads
#   Decrease Java thread stack sizes (-Xss)
#   Set larger code cache with -XX:ReservedCodeCacheSize=
# This output file may be truncated or incomplete.
#
#  Out of Memory Error (memory/allocation.inline.hpp:61), pid=5492, tid=3356
#
# JRE version:  (8.0_91-b14) (build )
# Java VM: Java HotSpot(TM) 64-Bit Server VM (25.91-b14 mixed mode windows-amd64 compressed oops)
# Failed to write core dump. Minidumps are not enabled by default on client versions of Windows
#

---------------  T H R E A D  ---------------

Current thread (0x0000000002ce0800):  JavaThread "Unknown thread" [_thread_in_vm, id=3356, stack(0x0000000002b30000,0x0000000002c30000)]

Stack: [0x0000000002b30000,0x0000000002c30000]
[error occurred during error reporting (printing stack bounds), id 0xc0000005]

Native frames: (J=compiled Java code, j=interpreted, Vv=VM code, C=native code)


---------------  P R O C E S S  ---------------

Java Threads: ( => current thread )

Other Threads:

=>0x0000000002ce0800 (exited) JavaThread "Unknown thread" [_thread_in_vm, id=3356, stack(0x0000000002b30000,0x0000000002c30000)]

VM state:not at safepoint (normal execution)

VM Mutex/Monitor currently owned by a thread: None

Heap:
 PSYoungGen      total 38400K, used 665K [0x00000000eab00000, 0x00000000ed580000, 0x0000000100000000)
  eden space 33280K, 2% used [0x00000000eab00000,0x00000000eaba6670,0x00000000ecb80000)
  from space 5120K, 0% used [0x00000000ed080000,0x00000000ed080000,0x00000000ed580000)
  to   space 5120K, 0% used [0x00000000ecb80000,0x00000000ecb80000,0x00000000ed080000)
 ParOldGen       total 87552K, used 0K [0x00000000c0000000, 0x00000000c5580000, 0x00000000eab00000)
  object space 87552K, 0% used [0x00000000c0000000,0x00000000c0000000,0x00000000c5580000)
 Metaspace       used 769K, capacity 4480K, committed 4480K, reserved 1056768K
  class space    used 75K, capacity 384K, committed 384K, reserved 1048576K

Card table byte_map: [0x00000000121a0000,0x00000000123b0000] byte_map_base: 0x0000000011ba0000

Marking Bits: (ParMarkBitMap*) 0x0000000068a62f70
 Begin Bits: [0x0000000012910000, 0x0000000013910000)
 End Bits:   [0x0000000013910000, 0x0000000014910000)

Polling page: 0x0000000000fc0000

CodeCache: size=245760Kb used=328Kb max_used=328Kb free=245431Kb
 bounds [0x0000000002de0000, 0x0000000003050000, 0x0000000011de0000]
 total_blobs=58 nmethods=0 adapters=38
 compilation: enabled

Compilation events (0 events):
No events

GC Heap History (0 events):
No events

Deoptimization events (0 events):
No events

Internal exceptions (0 events):
No events

Events (10 events):
Event: 0.126 loading class java/lang/Short
Event: 0.127 loading class java/lang/Short done
Event: 0.127 loading class java/lang/Integer
Event: 0.127 loading class java/lang/Integer done
Event: 0.127 loading class java/lang/Long
Event: 0.127 loading class java/lang/Long done
Event: 0.128 loading class java/lang/NullPointerException
Event: 0.128 loading class java/lang/NullPointerException done
Event: 0.128 loading class java/lang/ArithmeticException
Event: 0.128 loading class java/lang/ArithmeticException done


Dynamic libraries:
0x00007ff7b8230000 - 0x00007ff7b8267000 	C:\Program Files\Java\jdk1.8.0_91\bin\java.exe
0x00007ffa78610000 - 0x00007ffa787e1000 	C:\WINDOWS\SYSTEM32\ntdll.dll
0x00007ffa780e0000 - 0x00007ffa7818b000 	C:\WINDOWS\System32\KERNEL32.DLL
0x00007ffa75930000 - 0x00007ffa75b4d000 	C:\WINDOWS\System32\KERNELBASE.dll
0x00007ffa78190000 - 0x00007ffa78232000 	C:\WINDOWS\System32\ADVAPI32.dll
0x00007ffa782a0000 - 0x00007ffa7833e000 	C:\WINDOWS\System32\msvcrt.dll
0x00007ffa761c0000 - 0x00007ffa76219000 	C:\WINDOWS\System32\sechost.dll
0x00007ffa76280000 - 0x00007ffa763a1000 	C:\WINDOWS\System32\RPCRT4.dll
0x00007ffa783c0000 - 0x00007ffa78525000 	C:\WINDOWS\System32\USER32.dll
0x00007ffa75250000 - 0x00007ffa7526e000 	C:\WINDOWS\System32\win32u.dll
0x00007ffa75f40000 - 0x00007ffa75f74000 	C:\WINDOWS\System32\GDI32.dll
0x00007ffa755f0000 - 0x00007ffa75772000 	C:\WINDOWS\System32\gdi32full.dll
0x00007ffa6e490000 - 0x00007ffa6e709000 	C:\WINDOWS\WinSxS\amd64_microsoft.windows.common-controls_6595b64144ccf1df_6.0.14393.447_none_42191651c6827bb3\COMCTL32.dll
0x00007ffa75c70000 - 0x00007ffa75f37000 	C:\WINDOWS\System32\combase.dll
0x00007ffa75780000 - 0x00007ffa75875000 	C:\WINDOWS\System32\ucrtbase.dll
0x00007ffa74b00000 - 0x00007ffa74b6a000 	C:\WINDOWS\System32\bcryptPrimitives.dll
0x00007ffa75f90000 - 0x00007ffa75fbe000 	C:\WINDOWS\System32\IMM32.DLL
0x0000000067dd0000 - 0x0000000067ea2000 	C:\Program Files\Java\jdk1.8.0_91\jre\bin\msvcr100.dll
0x0000000068250000 - 0x0000000068ae3000 	C:\Program Files\Java\jdk1.8.0_91\jre\bin\server\jvm.dll
0x00007ffa78340000 - 0x00007ffa78348000 	C:\WINDOWS\System32\PSAPI.DLL
0x00007ffa5fa40000 - 0x00007ffa5fa49000 	C:\WINDOWS\SYSTEM32\WSOCK32.dll
0x00007ffa78350000 - 0x00007ffa783ba000 	C:\WINDOWS\System32\WS2_32.dll
0x00007ffa72e50000 - 0x00007ffa72e73000 	C:\WINDOWS\SYSTEM32\WINMM.dll
0x00007ffa706a0000 - 0x00007ffa706aa000 	C:\WINDOWS\SYSTEM32\VERSION.dll
0x00007ffa72df0000 - 0x00007ffa72e1b000 	C:\WINDOWS\SYSTEM32\WINMMBASE.dll
0x00007ffa75b50000 - 0x00007ffa75b92000 	C:\WINDOWS\System32\cfgmgr32.dll
0x0000000068240000 - 0x000000006824f000 	C:\Program Files\Java\jdk1.8.0_91\jre\bin\verify.dll
0x0000000068210000 - 0x0000000068239000 	C:\Program Files\Java\jdk1.8.0_91\jre\bin\java.dll
0x00000000681f0000 - 0x0000000068206000 	C:\Program Files\Java\jdk1.8.0_91\jre\bin\zip.dll

VM Arguments:
jvm_args: -Djava.awt.headless=true -Xmx1024M -Dfile.encoding=windows-1251 -Duser.country=UA -Duser.language=uk -Duser.variant 
java_command: com.android.dx.command.Main --dex --force-jumbo --num-threads=4 --multi-dex --output C:\Users\nikita\AndroidStudioProjects\Androidlessons\a_currency\build\intermediates\transforms\dex\debug\folders\1000\5\slice_3 C:\Users\nikita\AndroidStudioProjects\Androidlessons\a_currency\build\intermediates\transforms\instantRunSlicer\debug\folders\1\5\slice_3
java_class_path (initial): C:\Users\nikita\AppData\Local\Android\sdk\build-tools\23.0.3\lib\dx.jar
Launcher Type: SUN_STANDARD

Environment Variables:
PATH=C:\ProgramData\Oracle\Java\javapath;C:\Program Files (x86)\Kingston SSD Toolbox;C:\Program Files (x86)\NVIDIA Corporation\PhysX\Common;C:\WINDOWS\system32;C:\WINDOWS;C:\WINDOWS\System32\Wbem;C:\WINDOWS\System32\WindowsPowerShell\v1.0\;C:\Program Files (x86)\Skype\Phone\;C:\WINDOWS\system32\config\systemprofile\.dnx\bin;C:\Program Files\Microsoft DNX\Dnvm\;C:\Program Files (x86)\Windows Kits\8.1\Windows Performance Toolkit\;C:\Program Files\Microsoft SQL Server\130\Tools\Binn\;C:\Program Files (x86)\Microsoft Emulator Manager\1.0\;C:\Users\nikita\AppData\Local\Microsoft\WindowsApps;
USERNAME=nikita
LD_LIBRARY_PATH=C:\Program Files (x86)\Kingston SSD Toolbox
OS=Windows_NT
PROCESSOR_IDENTIFIER=Intel64 Family 6 Model 42 Stepping 7, GenuineIntel



---------------  S Y S T E M  ---------------

OS: Windows 10.0 , 64 bit Build 14393 (10.0.14393.0)

CPU:total 4 (2 cores per cpu, 2 threads per core) family 6 model 42 stepping 7, cmov, cx8, fxsr, mmx, sse, sse2, sse3, ssse3, sse4.1, sse4.2, popcnt, avx, aes, clmul, ht, tsc, tscinvbit

Memory: 4k page, physical 8298220k(1265532k free), swap 8298220k(3220k free)

vm_info: Java HotSpot(TM) 64-Bit Server VM (25.91-b14) for windows-amd64 JRE (1.8.0_91-b14), built on Apr  1 2016 00:58:32 by "java_re" with MS VC++ 10.0 (VS2010)

time: Fri Dec 02 00:58:02 2016
elapsed time: 0 seconds (0d 0h 0m 0s)

